[0.259s] DEBUG:colcon:Command line arguments: ['/usr/bin/colcon', 'build', '--symlink-install', '--cmake-args', '-DCMAKE_BUILD_TYPE=Debug', '-Wall', '-Wextra', '-Wpedantic']
[0.259s] DEBUG:colcon:Parsed command line arguments: Namespace(log_base=None, log_level=None, verb_name='build', build_base='build', install_base='install', merge_install=False, symlink_install=True, test_result_base=None, continue_on_error=False, executor='parallel', parallel_workers=8, event_handlers=None, ignore_user_meta=False, metas=['./colcon.meta'], base_paths=['.'], packages_ignore=None, packages_ignore_regex=None, paths=None, packages_up_to=None, packages_up_to_regex=None, packages_above=None, packages_above_and_dependencies=None, packages_above_depth=None, packages_select_by_dep=None, packages_skip_by_dep=None, packages_skip_up_to=None, packages_select_build_failed=False, packages_skip_build_finished=False, packages_select_test_failures=False, packages_skip_test_passed=False, packages_select=None, packages_skip=None, packages_select_regex=None, packages_skip_regex=None, packages_start=None, packages_end=None, cmake_args=['-DCMAKE_BUILD_TYPE=Debug', '-Wall', '-Wextra', '-Wpedantic'], cmake_target=None, cmake_target_skip_unavailable=False, cmake_clean_cache=False, cmake_clean_first=False, cmake_force_configure=False, ament_cmake_args=None, catkin_cmake_args=None, catkin_skip_building_tests=False, mixin_files=None, mixin=None, verb_parser=<colcon_mixin.mixin.mixin_argument.MixinArgumentDecorator object at 0x7f2caeee1510>, verb_extension=<colcon_core.verb.build.BuildVerb object at 0x7f2caf6c5f90>, main=<bound method BuildVerb.main of <colcon_core.verb.build.BuildVerb object at 0x7f2caf6c5f90>>, mixin_verb=('build',))
[0.279s] Level 1:colcon.colcon_core.package_discovery:discover_packages(colcon_meta) check parameters
[0.279s] Level 1:colcon.colcon_core.package_discovery:discover_packages(recursive) check parameters
[0.279s] Level 1:colcon.colcon_core.package_discovery:discover_packages(ignore) check parameters
[0.279s] Level 1:colcon.colcon_core.package_discovery:discover_packages(path) check parameters
[0.279s] Level 1:colcon.colcon_core.package_discovery:discover_packages(colcon_meta) discover
[0.279s] Level 1:colcon.colcon_core.package_discovery:discover_packages(recursive) discover
[0.279s] INFO:colcon.colcon_core.package_discovery:Crawling recursively for packages in '/workspaces/skuid-nav2'
[0.279s] Level 1:colcon.colcon_core.package_identification:_identify(.) by extensions ['ignore', 'ignore_ament_install']
[0.279s] Level 1:colcon.colcon_core.package_identification:_identify(.) by extension 'ignore'
[0.280s] Level 1:colcon.colcon_core.package_identification:_identify(.) by extension 'ignore_ament_install'
[0.280s] Level 1:colcon.colcon_core.package_identification:_identify(.) by extensions ['colcon_pkg']
[0.280s] Level 1:colcon.colcon_core.package_identification:_identify(.) by extension 'colcon_pkg'
[0.280s] Level 1:colcon.colcon_core.package_identification:_identify(.) by extensions ['colcon_meta']
[0.280s] Level 1:colcon.colcon_core.package_identification:_identify(.) by extension 'colcon_meta'
[0.280s] Level 1:colcon.colcon_core.package_identification:_identify(.) by extensions ['ros']
[0.280s] Level 1:colcon.colcon_core.package_identification:_identify(.) by extension 'ros'
[0.295s] Level 1:colcon.colcon_core.package_identification:_identify(.) by extensions ['cmake', 'python']
[0.295s] Level 1:colcon.colcon_core.package_identification:_identify(.) by extension 'cmake'
[0.295s] Level 1:colcon.colcon_core.package_identification:_identify(.) by extension 'python'
[0.295s] Level 1:colcon.colcon_core.package_identification:_identify(.) by extensions ['python_setup_py']
[0.295s] Level 1:colcon.colcon_core.package_identification:_identify(.) by extension 'python_setup_py'
[0.295s] Level 1:colcon.colcon_core.package_identification:_identify(build) by extensions ['ignore', 'ignore_ament_install']
[0.295s] Level 1:colcon.colcon_core.package_identification:_identify(build) by extension 'ignore'
[0.295s] Level 1:colcon.colcon_core.package_identification:_identify(build) ignored
[0.295s] Level 1:colcon.colcon_core.package_identification:_identify(install) by extensions ['ignore', 'ignore_ament_install']
[0.295s] Level 1:colcon.colcon_core.package_identification:_identify(install) by extension 'ignore'
[0.295s] Level 1:colcon.colcon_core.package_identification:_identify(install) ignored
[0.295s] Level 1:colcon.colcon_core.package_identification:_identify(log) by extensions ['ignore', 'ignore_ament_install']
[0.295s] Level 1:colcon.colcon_core.package_identification:_identify(log) by extension 'ignore'
[0.295s] Level 1:colcon.colcon_core.package_identification:_identify(log) ignored
[0.295s] Level 1:colcon.colcon_core.package_identification:_identify(project_folder) by extensions ['ignore', 'ignore_ament_install']
[0.295s] Level 1:colcon.colcon_core.package_identification:_identify(project_folder) by extension 'ignore'
[0.295s] Level 1:colcon.colcon_core.package_identification:_identify(project_folder) by extension 'ignore_ament_install'
[0.295s] Level 1:colcon.colcon_core.package_identification:_identify(project_folder) by extensions ['colcon_pkg']
[0.295s] Level 1:colcon.colcon_core.package_identification:_identify(project_folder) by extension 'colcon_pkg'
[0.295s] Level 1:colcon.colcon_core.package_identification:_identify(project_folder) by extensions ['colcon_meta']
[0.295s] Level 1:colcon.colcon_core.package_identification:_identify(project_folder) by extension 'colcon_meta'
[0.295s] Level 1:colcon.colcon_core.package_identification:_identify(project_folder) by extensions ['ros']
[0.295s] Level 1:colcon.colcon_core.package_identification:_identify(project_folder) by extension 'ros'
[0.296s] Level 1:colcon.colcon_core.package_identification:_identify(project_folder) by extensions ['cmake', 'python']
[0.296s] Level 1:colcon.colcon_core.package_identification:_identify(project_folder) by extension 'cmake'
[0.297s] Level 1:colcon.colcon_core.package_identification:_identify(project_folder) by extension 'python'
[0.297s] DEBUG:colcon.colcon_core.package_identification:Package 'project_folder' with type 'cmake' and name 'TemplateProject'
[0.297s] Level 1:colcon.colcon_core.package_identification:_identify(skuid-nav2-bringup) by extensions ['ignore', 'ignore_ament_install']
[0.297s] Level 1:colcon.colcon_core.package_identification:_identify(skuid-nav2-bringup) by extension 'ignore'
[0.297s] Level 1:colcon.colcon_core.package_identification:_identify(skuid-nav2-bringup) by extension 'ignore_ament_install'
[0.297s] Level 1:colcon.colcon_core.package_identification:_identify(skuid-nav2-bringup) by extensions ['colcon_pkg']
[0.297s] Level 1:colcon.colcon_core.package_identification:_identify(skuid-nav2-bringup) by extension 'colcon_pkg'
[0.297s] Level 1:colcon.colcon_core.package_identification:_identify(skuid-nav2-bringup) by extensions ['colcon_meta']
[0.297s] Level 1:colcon.colcon_core.package_identification:_identify(skuid-nav2-bringup) by extension 'colcon_meta'
[0.297s] Level 1:colcon.colcon_core.package_identification:_identify(skuid-nav2-bringup) by extensions ['ros']
[0.297s] Level 1:colcon.colcon_core.package_identification:_identify(skuid-nav2-bringup) by extension 'ros'
[0.299s] DEBUG:colcon.colcon_core.package_identification:Package 'skuid-nav2-bringup' with type 'ros.ament_cmake' and name 'skuid-nav2-bringup'
[0.299s] Level 1:colcon.colcon_core.package_discovery:discover_packages(recursive) using defaults
[0.299s] Level 1:colcon.colcon_core.package_discovery:discover_packages(ignore) discover
[0.299s] Level 1:colcon.colcon_core.package_discovery:discover_packages(ignore) using defaults
[0.299s] Level 1:colcon.colcon_core.package_discovery:discover_packages(path) discover
[0.299s] Level 1:colcon.colcon_core.package_discovery:discover_packages(path) using defaults
[0.318s] Level 5:colcon.colcon_core.verb:set package 'TemplateProject' build argument 'cmake_args' from command line to '['-DCMAKE_BUILD_TYPE=Debug', '-Wall', '-Wextra', '-Wpedantic']'
[0.318s] Level 5:colcon.colcon_core.verb:set package 'TemplateProject' build argument 'cmake_target' from command line to 'None'
[0.318s] Level 5:colcon.colcon_core.verb:set package 'TemplateProject' build argument 'cmake_target_skip_unavailable' from command line to 'False'
[0.318s] Level 5:colcon.colcon_core.verb:set package 'TemplateProject' build argument 'cmake_clean_cache' from command line to 'False'
[0.318s] Level 5:colcon.colcon_core.verb:set package 'TemplateProject' build argument 'cmake_clean_first' from command line to 'False'
[0.318s] Level 5:colcon.colcon_core.verb:set package 'TemplateProject' build argument 'cmake_force_configure' from command line to 'False'
[0.318s] Level 5:colcon.colcon_core.verb:set package 'TemplateProject' build argument 'ament_cmake_args' from command line to 'None'
[0.318s] Level 5:colcon.colcon_core.verb:set package 'TemplateProject' build argument 'catkin_cmake_args' from command line to 'None'
[0.318s] Level 5:colcon.colcon_core.verb:set package 'TemplateProject' build argument 'catkin_skip_building_tests' from command line to 'False'
[0.318s] DEBUG:colcon.colcon_core.verb:Building package 'TemplateProject' with the following arguments: {'ament_cmake_args': None, 'build_base': '/workspaces/skuid-nav2/build/TemplateProject', 'catkin_cmake_args': None, 'catkin_skip_building_tests': False, 'cmake_args': ['-DCMAKE_BUILD_TYPE=Debug', '-Wall', '-Wextra', '-Wpedantic'], 'cmake_clean_cache': False, 'cmake_clean_first': False, 'cmake_force_configure': False, 'cmake_target': None, 'cmake_target_skip_unavailable': False, 'install_base': '/workspaces/skuid-nav2/install/TemplateProject', 'merge_install': False, 'path': '/workspaces/skuid-nav2/project_folder', 'symlink_install': True, 'test_result_base': None}
[0.318s] Level 5:colcon.colcon_core.verb:set package 'skuid-nav2-bringup' build argument 'cmake_args' from command line to '['-DCMAKE_BUILD_TYPE=Debug', '-Wall', '-Wextra', '-Wpedantic']'
[0.319s] Level 5:colcon.colcon_core.verb:set package 'skuid-nav2-bringup' build argument 'cmake_target' from command line to 'None'
[0.319s] Level 5:colcon.colcon_core.verb:set package 'skuid-nav2-bringup' build argument 'cmake_target_skip_unavailable' from command line to 'False'
[0.319s] Level 5:colcon.colcon_core.verb:set package 'skuid-nav2-bringup' build argument 'cmake_clean_cache' from command line to 'False'
[0.319s] Level 5:colcon.colcon_core.verb:set package 'skuid-nav2-bringup' build argument 'cmake_clean_first' from command line to 'False'
[0.319s] Level 5:colcon.colcon_core.verb:set package 'skuid-nav2-bringup' build argument 'cmake_force_configure' from command line to 'False'
[0.319s] Level 5:colcon.colcon_core.verb:set package 'skuid-nav2-bringup' build argument 'ament_cmake_args' from command line to 'None'
[0.319s] Level 5:colcon.colcon_core.verb:set package 'skuid-nav2-bringup' build argument 'catkin_cmake_args' from command line to 'None'
[0.319s] Level 5:colcon.colcon_core.verb:set package 'skuid-nav2-bringup' build argument 'catkin_skip_building_tests' from command line to 'False'
[0.319s] DEBUG:colcon.colcon_core.verb:Building package 'skuid-nav2-bringup' with the following arguments: {'ament_cmake_args': None, 'build_base': '/workspaces/skuid-nav2/build/skuid-nav2-bringup', 'catkin_cmake_args': None, 'catkin_skip_building_tests': False, 'cmake_args': ['-DCMAKE_BUILD_TYPE=Debug', '-Wall', '-Wextra', '-Wpedantic'], 'cmake_clean_cache': False, 'cmake_clean_first': False, 'cmake_force_configure': False, 'cmake_target': None, 'cmake_target_skip_unavailable': False, 'install_base': '/workspaces/skuid-nav2/install/skuid-nav2-bringup', 'merge_install': False, 'path': '/workspaces/skuid-nav2/skuid-nav2-bringup', 'symlink_install': True, 'test_result_base': None}
[0.319s] INFO:colcon.colcon_core.executor:Executing jobs using 'parallel' executor
[0.321s] DEBUG:colcon.colcon_parallel_executor.executor.parallel:run_until_complete
[0.321s] INFO:colcon.colcon_cmake.task.cmake.build:Building CMake package in '/workspaces/skuid-nav2/project_folder'
[0.326s] INFO:colcon.colcon_core.plugin_system:Skipping extension 'colcon_core.shell.bat': Not used on non-Windows systems
[0.326s] INFO:colcon.colcon_core.shell:Skip shell extension 'powershell' for command environment: Not usable outside of PowerShell
[0.326s] DEBUG:colcon.colcon_core.shell:Skip shell extension 'dsv' for command environment
[0.331s] INFO:colcon.colcon_ros.task.ament_cmake.build:Building ROS package in '/workspaces/skuid-nav2/skuid-nav2-bringup' with build type 'ament_cmake'
[0.332s] INFO:colcon.colcon_cmake.task.cmake.build:Building CMake package in '/workspaces/skuid-nav2/skuid-nav2-bringup'
[0.333s] INFO:colcon.colcon_core.shell:Skip shell extension 'powershell' for command environment: Not usable outside of PowerShell
[0.333s] DEBUG:colcon.colcon_core.shell:Skip shell extension 'dsv' for command environment
[0.341s] DEBUG:colcon.colcon_core.event_handler.log_command:Invoking command in '/workspaces/skuid-nav2/build/TemplateProject': /usr/bin/cmake /workspaces/skuid-nav2/project_folder -DCMAKE_BUILD_TYPE=Debug -Wall -Wextra -Wpedantic -DCMAKE_INSTALL_PREFIX=/workspaces/skuid-nav2/install/TemplateProject
[0.347s] DEBUG:colcon.colcon_core.event_handler.log_command:Invoking command in '/workspaces/skuid-nav2/build/skuid-nav2-bringup': CMAKE_PREFIX_PATH=/opt/ros/humble /usr/bin/cmake /workspaces/skuid-nav2/skuid-nav2-bringup -DCMAKE_BUILD_TYPE=Debug -Wall -Wextra -Wpedantic -DAMENT_CMAKE_SYMLINK_INSTALL=1 -DCMAKE_INSTALL_PREFIX=/workspaces/skuid-nav2/install/skuid-nav2-bringup
[0.893s] DEBUG:colcon.colcon_core.event_handler.log_command:Invoked command in '/workspaces/skuid-nav2/build/skuid-nav2-bringup' returned '0': CMAKE_PREFIX_PATH=/opt/ros/humble /usr/bin/cmake /workspaces/skuid-nav2/skuid-nav2-bringup -DCMAKE_BUILD_TYPE=Debug -Wall -Wextra -Wpedantic -DAMENT_CMAKE_SYMLINK_INSTALL=1 -DCMAKE_INSTALL_PREFIX=/workspaces/skuid-nav2/install/skuid-nav2-bringup
[0.894s] DEBUG:colcon.colcon_core.event_handler.log_command:Invoking command in '/workspaces/skuid-nav2/build/skuid-nav2-bringup': CMAKE_PREFIX_PATH=/opt/ros/humble /usr/bin/cmake --build /workspaces/skuid-nav2/build/skuid-nav2-bringup -- -j8 -l8
[0.919s] DEBUG:colcon.colcon_core.event_handler.log_command:Invoked command in '/workspaces/skuid-nav2/build/skuid-nav2-bringup' returned '0': CMAKE_PREFIX_PATH=/opt/ros/humble /usr/bin/cmake --build /workspaces/skuid-nav2/build/skuid-nav2-bringup -- -j8 -l8
[0.944s] DEBUG:colcon.colcon_core.event_handler.log_command:Invoking command in '/workspaces/skuid-nav2/build/skuid-nav2-bringup': CMAKE_PREFIX_PATH=/opt/ros/humble /usr/bin/cmake --install /workspaces/skuid-nav2/build/skuid-nav2-bringup
[1.059s] Level 1:colcon.colcon_core.environment:create_environment_scripts_only(skuid-nav2-bringup)
[1.059s] DEBUG:colcon.colcon_core.event_handler.log_command:Invoked command in '/workspaces/skuid-nav2/build/skuid-nav2-bringup' returned '0': CMAKE_PREFIX_PATH=/opt/ros/humble /usr/bin/cmake --install /workspaces/skuid-nav2/build/skuid-nav2-bringup
[1.065s] Level 1:colcon.colcon_core.environment:checking '/workspaces/skuid-nav2/install/skuid-nav2-bringup' for CMake module files
[1.066s] Level 1:colcon.colcon_core.environment:checking '/workspaces/skuid-nav2/install/skuid-nav2-bringup' for CMake config files
[1.066s] Level 1:colcon.colcon_core.shell:create_environment_hook('skuid-nav2-bringup', 'cmake_prefix_path')
[1.066s] INFO:colcon.colcon_core.shell:Creating environment hook '/workspaces/skuid-nav2/install/skuid-nav2-bringup/share/skuid-nav2-bringup/hook/cmake_prefix_path.ps1'
[1.067s] INFO:colcon.colcon_core.shell:Creating environment descriptor '/workspaces/skuid-nav2/install/skuid-nav2-bringup/share/skuid-nav2-bringup/hook/cmake_prefix_path.dsv'
[1.067s] INFO:colcon.colcon_core.shell:Creating environment hook '/workspaces/skuid-nav2/install/skuid-nav2-bringup/share/skuid-nav2-bringup/hook/cmake_prefix_path.sh'
[1.068s] Level 1:colcon.colcon_core.environment:checking '/workspaces/skuid-nav2/install/skuid-nav2-bringup/bin'
[1.068s] Level 1:colcon.colcon_core.environment:checking '/workspaces/skuid-nav2/install/skuid-nav2-bringup/lib/pkgconfig/skuid-nav2-bringup.pc'
[1.069s] Level 1:colcon.colcon_core.environment:checking '/workspaces/skuid-nav2/install/skuid-nav2-bringup/lib/python3.10/site-packages'
[1.069s] Level 1:colcon.colcon_core.environment:checking '/workspaces/skuid-nav2/install/skuid-nav2-bringup/bin'
[1.070s] INFO:colcon.colcon_core.shell:Creating package script '/workspaces/skuid-nav2/install/skuid-nav2-bringup/share/skuid-nav2-bringup/package.ps1'
[1.070s] INFO:colcon.colcon_core.shell:Creating package descriptor '/workspaces/skuid-nav2/install/skuid-nav2-bringup/share/skuid-nav2-bringup/package.dsv'
[1.071s] INFO:colcon.colcon_core.shell:Creating package script '/workspaces/skuid-nav2/install/skuid-nav2-bringup/share/skuid-nav2-bringup/package.sh'
[1.071s] INFO:colcon.colcon_core.shell:Creating package script '/workspaces/skuid-nav2/install/skuid-nav2-bringup/share/skuid-nav2-bringup/package.bash'
[1.072s] INFO:colcon.colcon_core.shell:Creating package script '/workspaces/skuid-nav2/install/skuid-nav2-bringup/share/skuid-nav2-bringup/package.zsh'
[1.072s] Level 1:colcon.colcon_core.environment:create_file_with_runtime_dependencies(/workspaces/skuid-nav2/install/skuid-nav2-bringup/share/colcon-core/packages/skuid-nav2-bringup)
[1.086s] Level 1:colcon.colcon_core.environment:create_environment_scripts_only(skuid-nav2-bringup)
[1.087s] Level 1:colcon.colcon_core.environment:checking '/workspaces/skuid-nav2/install/skuid-nav2-bringup' for CMake module files
[1.087s] Level 1:colcon.colcon_core.environment:checking '/workspaces/skuid-nav2/install/skuid-nav2-bringup' for CMake config files
[1.087s] Level 1:colcon.colcon_core.shell:create_environment_hook('skuid-nav2-bringup', 'cmake_prefix_path')
[1.088s] INFO:colcon.colcon_core.shell:Creating environment hook '/workspaces/skuid-nav2/install/skuid-nav2-bringup/share/skuid-nav2-bringup/hook/cmake_prefix_path.ps1'
[1.088s] INFO:colcon.colcon_core.shell:Creating environment descriptor '/workspaces/skuid-nav2/install/skuid-nav2-bringup/share/skuid-nav2-bringup/hook/cmake_prefix_path.dsv'
[1.088s] INFO:colcon.colcon_core.shell:Creating environment hook '/workspaces/skuid-nav2/install/skuid-nav2-bringup/share/skuid-nav2-bringup/hook/cmake_prefix_path.sh'
[1.088s] Level 1:colcon.colcon_core.environment:checking '/workspaces/skuid-nav2/install/skuid-nav2-bringup/bin'
[1.088s] Level 1:colcon.colcon_core.environment:checking '/workspaces/skuid-nav2/install/skuid-nav2-bringup/lib/pkgconfig/skuid-nav2-bringup.pc'
[1.089s] Level 1:colcon.colcon_core.environment:checking '/workspaces/skuid-nav2/install/skuid-nav2-bringup/lib/python3.10/site-packages'
[1.089s] Level 1:colcon.colcon_core.environment:checking '/workspaces/skuid-nav2/install/skuid-nav2-bringup/bin'
[1.089s] INFO:colcon.colcon_core.shell:Creating package script '/workspaces/skuid-nav2/install/skuid-nav2-bringup/share/skuid-nav2-bringup/package.ps1'
[1.090s] INFO:colcon.colcon_core.shell:Creating package descriptor '/workspaces/skuid-nav2/install/skuid-nav2-bringup/share/skuid-nav2-bringup/package.dsv'
[1.090s] INFO:colcon.colcon_core.shell:Creating package script '/workspaces/skuid-nav2/install/skuid-nav2-bringup/share/skuid-nav2-bringup/package.sh'
[1.090s] INFO:colcon.colcon_core.shell:Creating package script '/workspaces/skuid-nav2/install/skuid-nav2-bringup/share/skuid-nav2-bringup/package.bash'
[1.090s] INFO:colcon.colcon_core.shell:Creating package script '/workspaces/skuid-nav2/install/skuid-nav2-bringup/share/skuid-nav2-bringup/package.zsh'
[1.091s] Level 1:colcon.colcon_core.environment:create_file_with_runtime_dependencies(/workspaces/skuid-nav2/install/skuid-nav2-bringup/share/colcon-core/packages/skuid-nav2-bringup)
[2.262s] DEBUG:colcon.colcon_core.event_handler.log_command:Invoked command in '/workspaces/skuid-nav2/build/TemplateProject' returned '0': /usr/bin/cmake /workspaces/skuid-nav2/project_folder -DCMAKE_BUILD_TYPE=Debug -Wall -Wextra -Wpedantic -DCMAKE_INSTALL_PREFIX=/workspaces/skuid-nav2/install/TemplateProject
[2.263s] DEBUG:colcon.colcon_core.event_handler.log_command:Invoking command in '/workspaces/skuid-nav2/build/TemplateProject': /usr/bin/cmake --build /workspaces/skuid-nav2/build/TemplateProject -- -j8 -l8
[12.699s] DEBUG:colcon.colcon_core.event_handler.log_command:Invoked command in '/workspaces/skuid-nav2/build/TemplateProject' returned '0': /usr/bin/cmake --build /workspaces/skuid-nav2/build/TemplateProject -- -j8 -l8
[12.715s] DEBUG:colcon.colcon_core.event_handler.log_command:Invoking command in '/workspaces/skuid-nav2/build/TemplateProject': /usr/bin/cmake --install /workspaces/skuid-nav2/build/TemplateProject
[12.732s] Level 1:colcon.colcon_core.environment:create_environment_scripts_only(TemplateProject)
[12.734s] Level 1:colcon.colcon_core.environment:checking '/workspaces/skuid-nav2/install/TemplateProject' for CMake module files
[12.734s] DEBUG:colcon.colcon_core.event_handler.log_command:Invoked command in '/workspaces/skuid-nav2/build/TemplateProject' returned '0': /usr/bin/cmake --install /workspaces/skuid-nav2/build/TemplateProject
[12.734s] Level 1:colcon.colcon_core.environment:checking '/workspaces/skuid-nav2/install/TemplateProject' for CMake config files
[12.735s] Level 1:colcon.colcon_core.shell:create_environment_hook('TemplateProject', 'cmake_prefix_path')
[12.735s] INFO:colcon.colcon_core.shell:Creating environment hook '/workspaces/skuid-nav2/install/TemplateProject/share/TemplateProject/hook/cmake_prefix_path.ps1'
[12.736s] INFO:colcon.colcon_core.shell:Creating environment descriptor '/workspaces/skuid-nav2/install/TemplateProject/share/TemplateProject/hook/cmake_prefix_path.dsv'
[12.736s] INFO:colcon.colcon_core.shell:Creating environment hook '/workspaces/skuid-nav2/install/TemplateProject/share/TemplateProject/hook/cmake_prefix_path.sh'
[12.736s] Level 1:colcon.colcon_core.environment:checking '/workspaces/skuid-nav2/install/TemplateProject/lib'
[12.737s] Level 1:colcon.colcon_core.environment:checking '/workspaces/skuid-nav2/install/TemplateProject/bin'
[12.737s] Level 1:colcon.colcon_core.environment:checking '/workspaces/skuid-nav2/install/TemplateProject/lib/pkgconfig/TemplateProject.pc'
[12.737s] Level 1:colcon.colcon_core.environment:checking '/workspaces/skuid-nav2/install/TemplateProject/lib/python3.10/site-packages'
[12.737s] Level 1:colcon.colcon_core.environment:checking '/workspaces/skuid-nav2/install/TemplateProject/bin'
[12.738s] INFO:colcon.colcon_core.shell:Creating package script '/workspaces/skuid-nav2/install/TemplateProject/share/TemplateProject/package.ps1'
[12.738s] INFO:colcon.colcon_core.shell:Creating package descriptor '/workspaces/skuid-nav2/install/TemplateProject/share/TemplateProject/package.dsv'
[12.738s] INFO:colcon.colcon_core.shell:Creating package script '/workspaces/skuid-nav2/install/TemplateProject/share/TemplateProject/package.sh'
[12.738s] INFO:colcon.colcon_core.shell:Creating package script '/workspaces/skuid-nav2/install/TemplateProject/share/TemplateProject/package.bash'
[12.738s] INFO:colcon.colcon_core.shell:Creating package script '/workspaces/skuid-nav2/install/TemplateProject/share/TemplateProject/package.zsh'
[12.739s] Level 1:colcon.colcon_core.environment:create_file_with_runtime_dependencies(/workspaces/skuid-nav2/install/TemplateProject/share/colcon-core/packages/TemplateProject)
[12.739s] DEBUG:colcon.colcon_parallel_executor.executor.parallel:closing loop
[12.739s] DEBUG:colcon.colcon_parallel_executor.executor.parallel:loop closed
[12.739s] DEBUG:colcon.colcon_parallel_executor.executor.parallel:run_until_complete finished with '0'
[12.739s] DEBUG:colcon.colcon_core.event_reactor:joining thread
[12.746s] INFO:colcon.colcon_core.plugin_system:Skipping extension 'colcon_notification.desktop_notification.notify_send': Could not find 'notify-send'
[12.746s] INFO:colcon.colcon_core.plugin_system:Skipping extension 'colcon_notification.desktop_notification.terminal_notifier': Not used on non-Darwin systems
[12.746s] INFO:colcon.colcon_core.plugin_system:Skipping extension 'colcon_notification.desktop_notification.win32': Not used on non-Windows systems
[12.746s] INFO:colcon.colcon_notification.desktop_notification:Sending desktop notification using 'notify2'
[12.748s] DEBUG:colcon.colcon_notification.desktop_notification.notify2:Failed to initialize notify2: org.freedesktop.DBus.Error.Spawn.ExecFailed: /usr/bin/dbus-launch terminated abnormally without any error message
[12.748s] DEBUG:colcon.colcon_core.event_reactor:joined thread
[12.750s] INFO:colcon.colcon_core.shell:Creating prefix script '/workspaces/skuid-nav2/install/local_setup.ps1'
[12.751s] INFO:colcon.colcon_core.shell:Creating prefix util module '/workspaces/skuid-nav2/install/_local_setup_util_ps1.py'
[12.752s] INFO:colcon.colcon_core.shell:Creating prefix chain script '/workspaces/skuid-nav2/install/setup.ps1'
[12.756s] INFO:colcon.colcon_core.shell:Creating prefix script '/workspaces/skuid-nav2/install/local_setup.sh'
[12.757s] INFO:colcon.colcon_core.shell:Creating prefix util module '/workspaces/skuid-nav2/install/_local_setup_util_sh.py'
[12.758s] INFO:colcon.colcon_core.shell:Creating prefix chain script '/workspaces/skuid-nav2/install/setup.sh'
[12.759s] INFO:colcon.colcon_core.shell:Creating prefix script '/workspaces/skuid-nav2/install/local_setup.bash'
[12.760s] INFO:colcon.colcon_core.shell:Creating prefix chain script '/workspaces/skuid-nav2/install/setup.bash'
[12.762s] INFO:colcon.colcon_core.shell:Creating prefix script '/workspaces/skuid-nav2/install/local_setup.zsh'
[12.762s] INFO:colcon.colcon_core.shell:Creating prefix chain script '/workspaces/skuid-nav2/install/setup.zsh'
