-- The C compiler identification is GNU 11.3.0
-- The CXX compiler identification is GNU 11.3.0
-- Detecting C compiler ABI info
-- Detecting C compiler ABI info - done
-- Check for working C compiler: /usr/bin/cc - skipped
-- Detecting C compile features
-- Detecting C compile features - done
-- Detecting CXX compiler ABI info
-- Detecting CXX compiler ABI info - done
-- Check for working CXX compiler: /usr/bin/c++ - skipped
-- Detecting CXX compile features
-- Detecting CXX compile features - done
-- Found ament_cmake: 1.3.3 (/opt/ros/humble/share/ament_cmake/cmake)
-- Found Python3: /usr/bin/python3.10 (found version "3.10.6") found components: Interpreter 
-- Override CMake install command with custom implementation using symlinks instead of copying resources
-- Found ament_lint_auto: 0.12.5 (/opt/ros/humble/share/ament_lint_auto/cmake)
-- Added test 'copyright' to check source files copyright and LICENSE
-- Added test 'flake8' to check Python code syntax and style conventions
-- Added test 'lint_cmake' to check CMake code style
-- Added test 'pep257' to check Python code against some of the docstring style conventions in PEP 257
-- Added test 'xmllint' to check XML markup files
-- Configuring done
-- Generating done
-- Build files have been written to: /workspaces/skuid-nav2/build/skuid-nav2-bringup
-- Install configuration: "Debug"
-- Execute custom install script
-- Symlinking: /workspaces/skuid-nav2/install/skuid-nav2-bringup/share/skuid-nav2-bringup/launch/skuid-nav2.launch.py
-- Symlinking: /workspaces/skuid-nav2/install/skuid-nav2-bringup/share/skuid-nav2-bringup/config/costmap_2d.yaml
-- Symlinking: /workspaces/skuid-nav2/install/skuid-nav2-bringup/share/skuid-nav2-bringup/config/params_nav2_bringup.yaml
-- Symlinking: /workspaces/skuid-nav2/install/skuid-nav2-bringup/share/skuid-nav2-bringup/config/slam_toolbox_async_param.yaml
-- Symlinking: /workspaces/skuid-nav2/install/skuid-nav2-bringup/share/ament_index/resource_index/package_run_dependencies/skuid-nav2-bringup
-- Symlinking: /workspaces/skuid-nav2/install/skuid-nav2-bringup/share/ament_index/resource_index/parent_prefix_path/skuid-nav2-bringup
-- Symlinking: /workspaces/skuid-nav2/install/skuid-nav2-bringup/share/skuid-nav2-bringup/environment/ament_prefix_path.sh
-- Symlinking: /workspaces/skuid-nav2/install/skuid-nav2-bringup/share/skuid-nav2-bringup/environment/ament_prefix_path.dsv
-- Symlinking: /workspaces/skuid-nav2/install/skuid-nav2-bringup/share/skuid-nav2-bringup/environment/path.sh
-- Symlinking: /workspaces/skuid-nav2/install/skuid-nav2-bringup/share/skuid-nav2-bringup/environment/path.dsv
-- Symlinking: /workspaces/skuid-nav2/install/skuid-nav2-bringup/share/skuid-nav2-bringup/local_setup.bash
-- Symlinking: /workspaces/skuid-nav2/install/skuid-nav2-bringup/share/skuid-nav2-bringup/local_setup.sh
-- Symlinking: /workspaces/skuid-nav2/install/skuid-nav2-bringup/share/skuid-nav2-bringup/local_setup.zsh
-- Symlinking: /workspaces/skuid-nav2/install/skuid-nav2-bringup/share/skuid-nav2-bringup/local_setup.dsv
-- Symlinking: /workspaces/skuid-nav2/install/skuid-nav2-bringup/share/skuid-nav2-bringup/package.dsv
-- Symlinking: /workspaces/skuid-nav2/install/skuid-nav2-bringup/share/ament_index/resource_index/packages/skuid-nav2-bringup
-- Symlinking: /workspaces/skuid-nav2/install/skuid-nav2-bringup/share/skuid-nav2-bringup/cmake/skuid-nav2-bringupConfig.cmake
-- Symlinking: /workspaces/skuid-nav2/install/skuid-nav2-bringup/share/skuid-nav2-bringup/cmake/skuid-nav2-bringupConfig-version.cmake
-- Symlinking: /workspaces/skuid-nav2/install/skuid-nav2-bringup/share/skuid-nav2-bringup/package.xml
