[0.013s] Invoking command in '/workspaces/skuid-nav2/build/skuid-nav2-bringup': CMAKE_PREFIX_PATH=/opt/ros/humble /usr/bin/cmake /workspaces/skuid-nav2/skuid-nav2-bringup -DCMAKE_BUILD_TYPE=Debug -Wall -Wextra -Wpedantic -DAMENT_CMAKE_SYMLINK_INSTALL=1 -DCMAKE_INSTALL_PREFIX=/workspaces/skuid-nav2/install/skuid-nav2-bringup
[0.089s] -- The C compiler identification is GNU 11.3.0
[0.140s] -- The CXX compiler identification is GNU 11.3.0
[0.147s] -- Detecting C compiler ABI info
[0.205s] -- Detecting C compiler ABI info - done
[0.214s] -- Check for working C compiler: /usr/bin/cc - skipped
[0.214s] -- Detecting C compile features
[0.215s] -- Detecting C compile features - done
[0.218s] -- Detecting CXX compiler ABI info
[0.273s] -- Detecting CXX compiler ABI info - done
[0.280s] -- Check for working CXX compiler: /usr/bin/c++ - skipped
[0.281s] -- Detecting CXX compile features
[0.281s] -- Detecting CXX compile features - done
[0.286s] -- Found ament_cmake: 1.3.3 (/opt/ros/humble/share/ament_cmake/cmake)
[0.388s] -- Found Python3: /usr/bin/python3.10 (found version "3.10.6") found components: Interpreter 
[0.450s] -- Override CMake install command with custom implementation using symlinks instead of copying resources
[0.475s] -- Found ament_lint_auto: 0.12.5 (/opt/ros/humble/share/ament_lint_auto/cmake)
[0.548s] -- Added test 'copyright' to check source files copyright and LICENSE
[0.550s] -- Added test 'flake8' to check Python code syntax and style conventions
[0.550s] -- Added test 'lint_cmake' to check CMake code style
[0.551s] -- Added test 'pep257' to check Python code against some of the docstring style conventions in PEP 257
[0.552s] -- Added test 'xmllint' to check XML markup files
[0.553s] -- Configuring done
[0.555s] -- Generating done
[0.555s] -- Build files have been written to: /workspaces/skuid-nav2/build/skuid-nav2-bringup
[0.559s] Invoked command in '/workspaces/skuid-nav2/build/skuid-nav2-bringup' returned '0': CMAKE_PREFIX_PATH=/opt/ros/humble /usr/bin/cmake /workspaces/skuid-nav2/skuid-nav2-bringup -DCMAKE_BUILD_TYPE=Debug -Wall -Wextra -Wpedantic -DAMENT_CMAKE_SYMLINK_INSTALL=1 -DCMAKE_INSTALL_PREFIX=/workspaces/skuid-nav2/install/skuid-nav2-bringup
[0.560s] Invoking command in '/workspaces/skuid-nav2/build/skuid-nav2-bringup': CMAKE_PREFIX_PATH=/opt/ros/humble /usr/bin/cmake --build /workspaces/skuid-nav2/build/skuid-nav2-bringup -- -j8 -l8
[0.585s] Invoked command in '/workspaces/skuid-nav2/build/skuid-nav2-bringup' returned '0': CMAKE_PREFIX_PATH=/opt/ros/humble /usr/bin/cmake --build /workspaces/skuid-nav2/build/skuid-nav2-bringup -- -j8 -l8
[0.610s] Invoking command in '/workspaces/skuid-nav2/build/skuid-nav2-bringup': CMAKE_PREFIX_PATH=/opt/ros/humble /usr/bin/cmake --install /workspaces/skuid-nav2/build/skuid-nav2-bringup
[0.615s] -- Install configuration: "Debug"
[0.615s] -- Execute custom install script
[0.616s] -- Symlinking: /workspaces/skuid-nav2/install/skuid-nav2-bringup/share/skuid-nav2-bringup/launch/skuid-nav2.launch.py
[0.621s] -- Symlinking: /workspaces/skuid-nav2/install/skuid-nav2-bringup/share/skuid-nav2-bringup/config/costmap_2d.yaml
[0.625s] -- Symlinking: /workspaces/skuid-nav2/install/skuid-nav2-bringup/share/skuid-nav2-bringup/config/params_nav2_bringup.yaml
[0.632s] -- Symlinking: /workspaces/skuid-nav2/install/skuid-nav2-bringup/share/skuid-nav2-bringup/config/slam_toolbox_async_param.yaml
[0.637s] -- Symlinking: /workspaces/skuid-nav2/install/skuid-nav2-bringup/share/ament_index/resource_index/package_run_dependencies/skuid-nav2-bringup
[0.641s] -- Symlinking: /workspaces/skuid-nav2/install/skuid-nav2-bringup/share/ament_index/resource_index/parent_prefix_path/skuid-nav2-bringup
[0.647s] -- Symlinking: /workspaces/skuid-nav2/install/skuid-nav2-bringup/share/skuid-nav2-bringup/environment/ament_prefix_path.sh
[0.653s] -- Symlinking: /workspaces/skuid-nav2/install/skuid-nav2-bringup/share/skuid-nav2-bringup/environment/ament_prefix_path.dsv
[0.657s] -- Symlinking: /workspaces/skuid-nav2/install/skuid-nav2-bringup/share/skuid-nav2-bringup/environment/path.sh
[0.662s] -- Symlinking: /workspaces/skuid-nav2/install/skuid-nav2-bringup/share/skuid-nav2-bringup/environment/path.dsv
[0.667s] -- Symlinking: /workspaces/skuid-nav2/install/skuid-nav2-bringup/share/skuid-nav2-bringup/local_setup.bash
[0.672s] -- Symlinking: /workspaces/skuid-nav2/install/skuid-nav2-bringup/share/skuid-nav2-bringup/local_setup.sh
[0.677s] -- Symlinking: /workspaces/skuid-nav2/install/skuid-nav2-bringup/share/skuid-nav2-bringup/local_setup.zsh
[0.682s] -- Symlinking: /workspaces/skuid-nav2/install/skuid-nav2-bringup/share/skuid-nav2-bringup/local_setup.dsv
[0.688s] -- Symlinking: /workspaces/skuid-nav2/install/skuid-nav2-bringup/share/skuid-nav2-bringup/package.dsv
[0.699s] -- Symlinking: /workspaces/skuid-nav2/install/skuid-nav2-bringup/share/ament_index/resource_index/packages/skuid-nav2-bringup
[0.707s] -- Symlinking: /workspaces/skuid-nav2/install/skuid-nav2-bringup/share/skuid-nav2-bringup/cmake/skuid-nav2-bringupConfig.cmake
[0.714s] -- Symlinking: /workspaces/skuid-nav2/install/skuid-nav2-bringup/share/skuid-nav2-bringup/cmake/skuid-nav2-bringupConfig-version.cmake
[0.719s] -- Symlinking: /workspaces/skuid-nav2/install/skuid-nav2-bringup/share/skuid-nav2-bringup/package.xml
[0.726s] Invoked command in '/workspaces/skuid-nav2/build/skuid-nav2-bringup' returned '0': CMAKE_PREFIX_PATH=/opt/ros/humble /usr/bin/cmake --install /workspaces/skuid-nav2/build/skuid-nav2-bringup
